<?xml version="1.0" encoding="UTF-8"?>
<testsuites name="Amazon_bussines_account_001" time="24.271" tests="1" failures="0" errors="0">
   <testsuite name="Amazon_bussines_account_001" tests="1" failures="0" errors="0" time="24.271" skipped="0" timestamp="20-01-2024T22:08:19" hostname="Hello - RAVI" id="Test Suites/Amazon_bussines_account_001/Amazon_bussines_account_001">
      <properties>
         <property name="deviceName" value=""/>
         <property name="devicePlatform" value=""/>
         <property name="logFolder" value="C:\\Users\\Hello\\git\\Test_Automation_Amazon_Github\\Reports\\20240120_220812\\Amazon_bussines_account_001\\Amazon_bussines_account_001\\20240120_220813"/>
         <property name="logFiles" value="C:\\Users\\Hello\\git\\Test_Automation_Amazon_Github\\Reports\\20240120_220812\\Amazon_bussines_account_001\\Amazon_bussines_account_001\\20240120_220813\\execution0.log"/>
         <property name="attachments" value=""/>
         <property name="hostName" value="Hello - RAVI"/>
         <property name="os" value="Windows 11 64bit"/>
         <property name="katalonVersion" value="9.2.0.212"/>
         <property name="browser" value="Chrome 120.0.0.0"/>
         <property name="hostAddress" value="192.168.0.150"/>
         <property name="sessionId" value="802cab05e238426f9b468404bcb900d8"/>
         <property name="seleniumVersion" value="3.141.59"/>
         <property name="proxyInformation" value="ProxyInformation { proxyOption=NO_PROXY, proxyServerType=HTTP, username=, password=********, proxyServerAddress=, proxyServerPort=0, executionList=&quot;&quot;, isApplyToDesiredCapabilities=true }"/>
         <property name="platform" value="Windows 11"/>
      </properties>
      <testcase name="Test Cases/Amazon_bussines_account_001/Amazon_bussines_account_001" time="24.025" classname="Test Cases/Amazon_bussines_account_001/Amazon_bussines_account_001" status="PASSED">
         <system-out><![CDATA[20-01-2024T22:08:19 - [TEST_CASE][PASSED] - Test Cases/Amazon_bussines_account_001/Amazon_bussines_account_001: Test Cases/Amazon_bussines_account_001/Amazon_bussines_account_001

20-01-2024T22:08:19 - [TEST_STEP][PASSED] - openBrowser(""): Browser is opened with url: ''

20-01-2024T22:08:20 - [MESSAGE][INFO] - Starting 'Chrome' driver

20-01-2024T22:08:20 - [MESSAGE][INFO] - Action delay is set to 0 milliseconds

20-01-2024T22:08:22 - [MESSAGE][PASSED] - Browser is opened with url: ''

20-01-2024T22:08:22 - [TEST_STEP][PASSED] - navigateToUrl("https://www.amazon.in/"): Navigate to 'https://www.amazon.in/' successfully

20-01-2024T22:08:31 - [MESSAGE][PASSED] - Navigate to 'https://www.amazon.in/' successfully

20-01-2024T22:08:31 - [TEST_STEP][PASSED] - click(findTestObject("Object Repository/Amazon_bussines_account_001/Page_Online Shopping site in India Shop Onl_10c5f3/span_Hello, sign in")): Object: 'Object Repository/Amazon_bussines_account_001/Page_Online Shopping site in India Shop Onl_10c5f3/span_Hello, sign in' is clicked on

20-01-2024T22:08:34 - [MESSAGE][PASSED] - Object: 'Object Repository/Amazon_bussines_account_001/Page_Online Shopping site in India Shop Onl_10c5f3/span_Hello, sign in' is clicked on

20-01-2024T22:08:34 - [TEST_STEP][PASSED] - click(findTestObject("Object Repository/Amazon_bussines_account_001/Page_Amazon Sign In/span_Shop on Amazon Business")): Object: 'Object Repository/Amazon_bussines_account_001/Page_Amazon Sign In/span_Shop on Amazon Business' is clicked on

20-01-2024T22:08:37 - [MESSAGE][PASSED] - Object: 'Object Repository/Amazon_bussines_account_001/Page_Amazon Sign In/span_Shop on Amazon Business' is clicked on

20-01-2024T22:08:37 - [TEST_STEP][PASSED] - click(findTestObject("Object Repository/Amazon_bussines_account_001/Page_Amazon Business Sign In/a_Create your free business account")): Object: 'Object Repository/Amazon_bussines_account_001/Page_Amazon Business Sign In/a_Create your free business account' is clicked on

20-01-2024T22:08:40 - [MESSAGE][PASSED] - Object: 'Object Repository/Amazon_bussines_account_001/Page_Amazon Business Sign In/a_Create your free business account' is clicked on

20-01-2024T22:08:40 - [TEST_STEP][PASSED] - setText(findTestObject("Object Repository/Amazon_bussines_account_001/Page_Amazon Business/input_businessEmail"), "rtata@gmail.com"): Text 'rtata@gmail.com' is set on object 'Object Repository/Amazon_bussines_account_001/Page_Amazon Business/input_businessEmail'

20-01-2024T22:08:41 - [MESSAGE][PASSED] - Text 'rtata@gmail.com' is set on object 'Object Repository/Amazon_bussines_account_001/Page_Amazon Business/input_businessEmail'

20-01-2024T22:08:41 - [TEST_STEP][PASSED] - click(findTestObject("Object Repository/Amazon_bussines_account_001/Page_Amazon Business/span_Get started")): Object: 'Object Repository/Amazon_bussines_account_001/Page_Amazon Business/span_Get started' is clicked on

20-01-2024T22:08:42 - [MESSAGE][PASSED] - Object: 'Object Repository/Amazon_bussines_account_001/Page_Amazon Business/span_Get started' is clicked on

20-01-2024T22:08:42 - [TEST_STEP][PASSED] - closeBrowser(): Browser is closed

20-01-2024T22:08:43 - [MESSAGE][PASSED] - Browser is closed]]></system-out>
         <system-err><![CDATA[]]></system-err>
      </testcase>
      <system-out><![CDATA[20-01-2024T22:08:19 - [TEST_SUITE][PASSED] - Amazon_bussines_account_001: Test Cases/Amazon_bussines_account_001/Amazon_bussines_account_001]]></system-out>
      <system-err><![CDATA[]]></system-err>
   </testsuite>
</testsuites>
