<?xml version="1.0" encoding="UTF-8"?>
<testsuites name="Amazon_Forgot_pass" time="19.448" tests="1" failures="0" errors="0">
   <testsuite name="Amazon_Forgot_pass" tests="1" failures="0" errors="0" time="19.448" skipped="0" timestamp="20-01-2024T22:04:33" hostname="Hello - RAVI" id="Test Suites/Amazon_Forgot_pass/Amazon_Forgot_pass">
      <properties>
         <property name="deviceName" value=""/>
         <property name="devicePlatform" value=""/>
         <property name="logFolder" value="C:\\Users\\Hello\\git\\Test_Automation_Amazon_Github\\Reports\\20240120_220427\\Amazon_Forgot_pass\\Amazon_Forgot_pass\\20240120_220428"/>
         <property name="logFiles" value="C:\\Users\\Hello\\git\\Test_Automation_Amazon_Github\\Reports\\20240120_220427\\Amazon_Forgot_pass\\Amazon_Forgot_pass\\20240120_220428\\execution0.log"/>
         <property name="attachments" value=""/>
         <property name="hostName" value="Hello - RAVI"/>
         <property name="os" value="Windows 11 64bit"/>
         <property name="katalonVersion" value="9.2.0.212"/>
         <property name="browser" value="Chrome 120.0.0.0"/>
         <property name="hostAddress" value="192.168.0.150"/>
         <property name="sessionId" value="3f59c1bdceaaaff7527e86440ac78ede"/>
         <property name="seleniumVersion" value="3.141.59"/>
         <property name="proxyInformation" value="ProxyInformation { proxyOption=NO_PROXY, proxyServerType=HTTP, username=, password=********, proxyServerAddress=, proxyServerPort=0, executionList=&quot;&quot;, isApplyToDesiredCapabilities=true }"/>
         <property name="platform" value="Windows 11"/>
      </properties>
      <testcase name="Test Cases/Amazon_Forgot_pass/Amazon_Forgot_pass" time="19.206" classname="Test Cases/Amazon_Forgot_pass/Amazon_Forgot_pass" status="PASSED">
         <system-out><![CDATA[20-01-2024T22:04:33 - [TEST_CASE][PASSED] - Test Cases/Amazon_Forgot_pass/Amazon_Forgot_pass: Test Cases/Amazon_Forgot_pass/Amazon_Forgot_pass

20-01-2024T22:04:33 - [TEST_STEP][PASSED] - openBrowser(""): Browser is opened with url: ''

20-01-2024T22:04:34 - [MESSAGE][INFO] - Starting 'Chrome' driver

20-01-2024T22:04:34 - [MESSAGE][INFO] - Action delay is set to 0 milliseconds

20-01-2024T22:04:36 - [MESSAGE][PASSED] - Browser is opened with url: ''

20-01-2024T22:04:36 - [TEST_STEP][PASSED] - navigateToUrl("https://www.amazon.in/"): Navigate to 'https://www.amazon.in/' successfully

20-01-2024T22:04:41 - [MESSAGE][PASSED] - Navigate to 'https://www.amazon.in/' successfully

20-01-2024T22:04:41 - [TEST_STEP][PASSED] - click(findTestObject("Object Repository/Amazon_Forgot_pass_001/Page_Online Shopping site in India Shop Onl_10c5f3/span_Sign in")): Object: 'Object Repository/Amazon_Forgot_pass_001/Page_Online Shopping site in India Shop Onl_10c5f3/span_Sign in' is clicked on

20-01-2024T22:04:44 - [MESSAGE][PASSED] - Object: 'Object Repository/Amazon_Forgot_pass_001/Page_Online Shopping site in India Shop Onl_10c5f3/span_Sign in' is clicked on

20-01-2024T22:04:44 - [TEST_STEP][PASSED] - setText(findTestObject("Object Repository/Amazon_Forgot_pass_001/Page_Amazon Sign In/input_email"), "9014256112"): Text '9014256112' is set on object 'Object Repository/Amazon_Forgot_pass_001/Page_Amazon Sign In/input_email'

20-01-2024T22:04:46 - [MESSAGE][PASSED] - Text '9014256112' is set on object 'Object Repository/Amazon_Forgot_pass_001/Page_Amazon Sign In/input_email'

20-01-2024T22:04:46 - [TEST_STEP][PASSED] - click(findTestObject("Object Repository/Amazon_Forgot_pass_001/Page_Amazon Sign In/inputcontinue")): Object: 'Object Repository/Amazon_Forgot_pass_001/Page_Amazon Sign In/inputcontinue' is clicked on

20-01-2024T22:04:48 - [MESSAGE][PASSED] - Object: 'Object Repository/Amazon_Forgot_pass_001/Page_Amazon Sign In/inputcontinue' is clicked on

20-01-2024T22:04:48 - [TEST_STEP][PASSED] - click(findTestObject("Object Repository/Amazon_Forgot_pass_001/Page_Amazon Sign In/a_Forgot Password_1")): Object: 'Object Repository/Amazon_Forgot_pass_001/Page_Amazon Sign In/a_Forgot Password_1' is clicked on

20-01-2024T22:04:50 - [MESSAGE][PASSED] - Object: 'Object Repository/Amazon_Forgot_pass_001/Page_Amazon Sign In/a_Forgot Password_1' is clicked on

20-01-2024T22:04:50 - [TEST_STEP][PASSED] - click(findTestObject("Object Repository/Amazon_Forgot_pass_001/Page_Amazon Password Assistance/inputcontinue")): Object: 'Object Repository/Amazon_Forgot_pass_001/Page_Amazon Password Assistance/inputcontinue' is clicked on

20-01-2024T22:04:52 - [MESSAGE][PASSED] - Object: 'Object Repository/Amazon_Forgot_pass_001/Page_Amazon Password Assistance/inputcontinue' is clicked on

20-01-2024T22:04:52 - [TEST_STEP][PASSED] - closeBrowser(): Browser is closed

20-01-2024T22:04:52 - [MESSAGE][PASSED] - Browser is closed]]></system-out>
         <system-err><![CDATA[]]></system-err>
      </testcase>
      <system-out><![CDATA[20-01-2024T22:04:33 - [TEST_SUITE][PASSED] - Amazon_Forgot_pass: Test Cases/Amazon_Forgot_pass/Amazon_Forgot_pass]]></system-out>
      <system-err><![CDATA[]]></system-err>
   </testsuite>
</testsuites>
