<?xml version="1.0" encoding="UTF-8"?>
<testsuites name="Amazon_order_item" time="31.519" tests="1" failures="0" errors="0">
   <testsuite name="Amazon_order_item" tests="1" failures="0" errors="0" time="31.519" skipped="0" timestamp="20-01-2024T22:32:36" hostname="Hello - RAVI" id="Test Suites/Amazon_order_item/Amazon_order_item">
      <properties>
         <property name="deviceName" value=""/>
         <property name="devicePlatform" value=""/>
         <property name="logFolder" value="C:\\Users\\Hello\\git\\Test_Automation_Amazon_Github\\Reports\\20240120_223231\\Amazon_order_item\\Amazon_order_item\\20240120_223231"/>
         <property name="logFiles" value="C:\\Users\\Hello\\git\\Test_Automation_Amazon_Github\\Reports\\20240120_223231\\Amazon_order_item\\Amazon_order_item\\20240120_223231\\execution0.log"/>
         <property name="attachments" value=""/>
         <property name="hostName" value="Hello - RAVI"/>
         <property name="os" value="Windows 11 64bit"/>
         <property name="katalonVersion" value="9.2.0.212"/>
         <property name="browser" value="Chrome 120.0.0.0"/>
         <property name="hostAddress" value="192.168.0.150"/>
         <property name="sessionId" value="4fce4c19cdc02b46b6ed201fdd6bcd88"/>
         <property name="seleniumVersion" value="3.141.59"/>
         <property name="proxyInformation" value="ProxyInformation { proxyOption=NO_PROXY, proxyServerType=HTTP, username=, password=********, proxyServerAddress=, proxyServerPort=0, executionList=&quot;&quot;, isApplyToDesiredCapabilities=true }"/>
         <property name="platform" value="Windows 11"/>
      </properties>
      <testcase name="Test Cases/Amazon_orders/Amazon_Browsing_history" time="31.293" classname="Test Cases/Amazon_orders/Amazon_Browsing_history" status="PASSED">
         <system-out><![CDATA[20-01-2024T22:32:36 - [TEST_CASE][PASSED] - Test Cases/Amazon_orders/Amazon_Browsing_history: Test Cases/Amazon_orders/Amazon_Browsing_history

20-01-2024T22:32:36 - [TEST_STEP][PASSED] - openBrowser(""): Browser is opened with url: ''

20-01-2024T22:32:37 - [MESSAGE][INFO] - Starting 'Chrome' driver

20-01-2024T22:32:37 - [MESSAGE][INFO] - Action delay is set to 0 milliseconds

20-01-2024T22:32:41 - [MESSAGE][PASSED] - Browser is opened with url: ''

20-01-2024T22:32:41 - [TEST_STEP][PASSED] - navigateToUrl("https://www.amazon.in/"): Navigate to 'https://www.amazon.in/' successfully

20-01-2024T22:32:50 - [MESSAGE][PASSED] - Navigate to 'https://www.amazon.in/' successfully

20-01-2024T22:32:50 - [TEST_STEP][PASSED] - click(findTestObject("Object Repository/Amazon_orders/Page_Online Shopping site in India Shop Onl_10c5f3/span_Orders")): Object: 'Object Repository/Amazon_orders/Page_Online Shopping site in India Shop Onl_10c5f3/span_Orders' is clicked on

20-01-2024T22:32:54 - [MESSAGE][PASSED] - Object: 'Object Repository/Amazon_orders/Page_Online Shopping site in India Shop Onl_10c5f3/span_Orders' is clicked on

20-01-2024T22:32:54 - [TEST_STEP][PASSED] - setText(findTestObject("Object Repository/Amazon_orders/Page_Amazon Sign In/input_email"), "9014256112"): Text '9014256112' is set on object 'Object Repository/Amazon_orders/Page_Amazon Sign In/input_email'

20-01-2024T22:32:56 - [MESSAGE][PASSED] - Text '9014256112' is set on object 'Object Repository/Amazon_orders/Page_Amazon Sign In/input_email'

20-01-2024T22:32:56 - [TEST_STEP][PASSED] - click(findTestObject("Object Repository/Amazon_orders/Page_Amazon Sign In/inputcontinue")): Object: 'Object Repository/Amazon_orders/Page_Amazon Sign In/inputcontinue' is clicked on

20-01-2024T22:32:58 - [MESSAGE][PASSED] - Object: 'Object Repository/Amazon_orders/Page_Amazon Sign In/inputcontinue' is clicked on

20-01-2024T22:32:58 - [TEST_STEP][PASSED] - setEncryptedText(findTestObject("Object Repository/Amazon_orders/Page_Amazon Sign In/input_password"), "1Jx5G2o+w9Dv6alJbP1y5w=="): Text ****** has been set on object 'Object Repository/Amazon_orders/Page_Amazon Sign In/input_password'

20-01-2024T22:32:59 - [MESSAGE][PASSED] - Text ****** has been set on object 'Object Repository/Amazon_orders/Page_Amazon Sign In/input_password'

20-01-2024T22:32:59 - [TEST_STEP][PASSED] - click(findTestObject("Object Repository/Amazon_orders/Page_Amazon Sign In/inputsignInSubmit")): Object: 'Object Repository/Amazon_orders/Page_Amazon Sign In/inputsignInSubmit' is clicked on

20-01-2024T22:33:00 - [MESSAGE][PASSED] - Object: 'Object Repository/Amazon_orders/Page_Amazon Sign In/inputsignInSubmit' is clicked on

20-01-2024T22:33:00 - [TEST_STEP][PASSED] - click(findTestObject("Object Repository/Amazon_orders/Page_Your Orders/i_hm-icon nav-sprite")): Object: 'Object Repository/Amazon_orders/Page_Your Orders/i_hm-icon nav-sprite' is clicked on

20-01-2024T22:33:04 - [MESSAGE][PASSED] - Object: 'Object Repository/Amazon_orders/Page_Your Orders/i_hm-icon nav-sprite' is clicked on

20-01-2024T22:33:04 - [TEST_STEP][PASSED] - click(findTestObject("Object Repository/Amazon_orders/Page_Your Orders/a_Sign Out")): Object: 'Object Repository/Amazon_orders/Page_Your Orders/a_Sign Out' is clicked on

20-01-2024T22:33:07 - [MESSAGE][PASSED] - Object: 'Object Repository/Amazon_orders/Page_Your Orders/a_Sign Out' is clicked on

20-01-2024T22:33:07 - [TEST_STEP][PASSED] - closeBrowser(): Browser is closed

20-01-2024T22:33:07 - [MESSAGE][PASSED] - Browser is closed]]></system-out>
         <system-err><![CDATA[]]></system-err>
      </testcase>
      <system-out><![CDATA[20-01-2024T22:32:36 - [TEST_SUITE][PASSED] - Amazon_order_item: Test Cases/Amazon_orders/Amazon_Browsing_history]]></system-out>
      <system-err><![CDATA[]]></system-err>
   </testsuite>
</testsuites>
