<?xml version="1.0" encoding="UTF-8"?>
<testsuites name="Amazon_sign_in_001" time="50.683" tests="1" failures="0" errors="0">
   <testsuite name="Amazon_sign_in_001" tests="1" failures="0" errors="0" time="50.683" skipped="0" timestamp="20-01-2024T21:58:44" hostname="Hello - RAVI" id="Test Suites/Amazon_sign_in_001/Amazon_sign_in_001">
      <properties>
         <property name="deviceName" value=""/>
         <property name="devicePlatform" value=""/>
         <property name="logFolder" value="C:\\Users\\Hello\\git\\Test_Automation_Amazon_Github\\Reports\\20240120_215835\\Amazon_sign_in_001\\Amazon_sign_in_001\\20240120_215835"/>
         <property name="logFiles" value="C:\\Users\\Hello\\git\\Test_Automation_Amazon_Github\\Reports\\20240120_215835\\Amazon_sign_in_001\\Amazon_sign_in_001\\20240120_215835\\execution0.log"/>
         <property name="attachments" value=""/>
         <property name="hostName" value="Hello - RAVI"/>
         <property name="os" value="Windows 11 64bit"/>
         <property name="katalonVersion" value="9.2.0.212"/>
         <property name="browser" value="Chrome 120.0.0.0"/>
         <property name="hostAddress" value="192.168.0.150"/>
         <property name="sessionId" value="ad4e8aa9514a1d148eabb72eb50bda26"/>
         <property name="seleniumVersion" value="3.141.59"/>
         <property name="proxyInformation" value="ProxyInformation { proxyOption=NO_PROXY, proxyServerType=HTTP, username=, password=********, proxyServerAddress=, proxyServerPort=0, executionList=&quot;&quot;, isApplyToDesiredCapabilities=true }"/>
         <property name="platform" value="Windows 11"/>
      </properties>
      <testcase name="Test Cases/Amazon_sign_in_001/Amazon_sign_in_001" time="50.16" classname="Test Cases/Amazon_sign_in_001/Amazon_sign_in_001" status="PASSED">
         <system-out><![CDATA[20-01-2024T21:58:44 - [TEST_CASE][PASSED] - Test Cases/Amazon_sign_in_001/Amazon_sign_in_001: Test Cases/Amazon_sign_in_001/Amazon_sign_in_001

20-01-2024T21:58:45 - [TEST_STEP][PASSED] - openBrowser(""): Browser is opened with url: ''

20-01-2024T21:58:45 - [MESSAGE][INFO] - Starting 'Chrome' driver

20-01-2024T21:58:46 - [MESSAGE][INFO] - Action delay is set to 0 milliseconds

20-01-2024T21:59:17 - [MESSAGE][PASSED] - Browser is opened with url: ''

20-01-2024T21:59:17 - [TEST_STEP][PASSED] - navigateToUrl("https://www.amazon.in/"): Navigate to 'https://www.amazon.in/' successfully

20-01-2024T21:59:19 - [MESSAGE][PASSED] - Navigate to 'https://www.amazon.in/' successfully

20-01-2024T21:59:19 - [TEST_STEP][PASSED] - click(findTestObject("Object Repository/Amazon_sign_in_001/Page_Online Shopping site in India Shop Onl_10c5f3/span_Sign in")): Object: 'Object Repository/Amazon_sign_in_001/Page_Online Shopping site in India Shop Onl_10c5f3/span_Sign in' is clicked on

20-01-2024T21:59:24 - [MESSAGE][PASSED] - Object: 'Object Repository/Amazon_sign_in_001/Page_Online Shopping site in India Shop Onl_10c5f3/span_Sign in' is clicked on

20-01-2024T21:59:24 - [TEST_STEP][PASSED] - setText(findTestObject("Object Repository/Amazon_sign_in_001/Page_Amazon Sign In/input_email"), "9014256112"): Text '9014256112' is set on object 'Object Repository/Amazon_sign_in_001/Page_Amazon Sign In/input_email'

20-01-2024T21:59:26 - [MESSAGE][PASSED] - Text '9014256112' is set on object 'Object Repository/Amazon_sign_in_001/Page_Amazon Sign In/input_email'

20-01-2024T21:59:26 - [TEST_STEP][PASSED] - click(findTestObject("Object Repository/Amazon_sign_in_001/Page_Amazon Sign In/inputcontinue")): Object: 'Object Repository/Amazon_sign_in_001/Page_Amazon Sign In/inputcontinue' is clicked on

20-01-2024T21:59:28 - [MESSAGE][PASSED] - Object: 'Object Repository/Amazon_sign_in_001/Page_Amazon Sign In/inputcontinue' is clicked on

20-01-2024T21:59:28 - [TEST_STEP][PASSED] - setEncryptedText(findTestObject("Object Repository/Amazon_sign_in_001/Page_Amazon Sign In/input_password"), "1Jx5G2o+w9Dv6alJbP1y5w=="): Text ****** has been set on object 'Object Repository/Amazon_sign_in_001/Page_Amazon Sign In/input_password'

20-01-2024T21:59:29 - [MESSAGE][PASSED] - Text ****** has been set on object 'Object Repository/Amazon_sign_in_001/Page_Amazon Sign In/input_password'

20-01-2024T21:59:29 - [TEST_STEP][PASSED] - click(findTestObject("Object Repository/Amazon_sign_in_001/Page_Amazon Sign In/inputsignInSubmit")): Object: 'Object Repository/Amazon_sign_in_001/Page_Amazon Sign In/inputsignInSubmit' is clicked on

20-01-2024T21:59:34 - [MESSAGE][PASSED] - Object: 'Object Repository/Amazon_sign_in_001/Page_Amazon Sign In/inputsignInSubmit' is clicked on

20-01-2024T21:59:34 - [TEST_STEP][PASSED] - closeBrowser(): Browser is closed

20-01-2024T21:59:34 - [MESSAGE][PASSED] - Browser is closed]]></system-out>
         <system-err><![CDATA[]]></system-err>
      </testcase>
      <system-out><![CDATA[20-01-2024T21:58:44 - [TEST_SUITE][PASSED] - Amazon_sign_in_001: Test Cases/Amazon_sign_in_001/Amazon_sign_in_001]]></system-out>
      <system-err><![CDATA[]]></system-err>
   </testsuite>
</testsuites>
