<?xml version="1.0" encoding="UTF-8"?>
<testsuites name="Amazon_signup_password_001" time="22.035" tests="1" failures="0" errors="0">
   <testsuite name="Amazon_signup_password_001" tests="1" failures="0" errors="0" time="22.035" skipped="0" timestamp="20-01-2024T20:06:58" hostname="Hello - RAVI" id="Test Suites/Amazon_signup_password_001/Amazon_signup_password_001">
      <properties>
         <property name="deviceName" value=""/>
         <property name="devicePlatform" value=""/>
         <property name="logFolder" value="C:\\Users\\Hello\\git\\Test_Automation_Amazon_Github\\Reports\\20240120_200653\\Amazon_signup_password_001\\Amazon_signup_password_001\\20240120_200653"/>
         <property name="logFiles" value="C:\\Users\\Hello\\git\\Test_Automation_Amazon_Github\\Reports\\20240120_200653\\Amazon_signup_password_001\\Amazon_signup_password_001\\20240120_200653\\execution0.log"/>
         <property name="attachments" value=""/>
         <property name="hostName" value="Hello - RAVI"/>
         <property name="os" value="Windows 11 64bit"/>
         <property name="katalonVersion" value="9.2.0.212"/>
         <property name="browser" value="Chrome 120.0.0.0"/>
         <property name="hostAddress" value="192.168.0.150"/>
         <property name="sessionId" value="ca379fabf09025874c93861a9b5b4e38"/>
         <property name="seleniumVersion" value="3.141.59"/>
         <property name="proxyInformation" value="ProxyInformation { proxyOption=NO_PROXY, proxyServerType=HTTP, username=, password=********, proxyServerAddress=, proxyServerPort=0, executionList=&quot;&quot;, isApplyToDesiredCapabilities=true }"/>
         <property name="platform" value="Windows 11"/>
      </properties>
      <testcase name="Test Cases/Amazon_signup_password_001/Amazon_signup_password_001" time="21.82" classname="Test Cases/Amazon_signup_password_001/Amazon_signup_password_001" status="PASSED">
         <system-out><![CDATA[20-01-2024T20:06:58 - [TEST_CASE][PASSED] - Test Cases/Amazon_signup_password_001/Amazon_signup_password_001: Test Cases/Amazon_signup_password_001/Amazon_signup_password_001

20-01-2024T20:06:59 - [TEST_STEP][PASSED] - openBrowser(""): Browser is opened with url: ''

20-01-2024T20:06:59 - [MESSAGE][INFO] - Starting 'Chrome' driver

20-01-2024T20:06:59 - [MESSAGE][INFO] - Action delay is set to 0 milliseconds

20-01-2024T20:07:02 - [MESSAGE][PASSED] - Browser is opened with url: ''

20-01-2024T20:07:02 - [TEST_STEP][PASSED] - navigateToUrl("https://www.amazon.in/"): Navigate to 'https://www.amazon.in/' successfully

20-01-2024T20:07:09 - [MESSAGE][PASSED] - Navigate to 'https://www.amazon.in/' successfully

20-01-2024T20:07:09 - [TEST_STEP][PASSED] - click(findTestObject("Object Repository/Amazon_signup/Page_Online Shopping site in India Shop Onl_10c5f3/span_Sign in")): Object: 'Object Repository/Amazon_signup/Page_Online Shopping site in India Shop Onl_10c5f3/span_Sign in' is clicked on

20-01-2024T20:07:12 - [MESSAGE][PASSED] - Object: 'Object Repository/Amazon_signup/Page_Online Shopping site in India Shop Onl_10c5f3/span_Sign in' is clicked on

20-01-2024T20:07:12 - [TEST_STEP][PASSED] - click(findTestObject("Object Repository/Amazon_signup/Page_Amazon Sign In/a_Create your Amazon account")): Object: 'Object Repository/Amazon_signup/Page_Amazon Sign In/a_Create your Amazon account' is clicked on

20-01-2024T20:07:14 - [MESSAGE][PASSED] - Object: 'Object Repository/Amazon_signup/Page_Amazon Sign In/a_Create your Amazon account' is clicked on

20-01-2024T20:07:14 - [TEST_STEP][PASSED] - setText(findTestObject("Object Repository/Amazon_signup/Page_Amazon Registration/input_customerName"), "Priya"): Text 'Priya' is set on object 'Object Repository/Amazon_signup/Page_Amazon Registration/input_customerName'

20-01-2024T20:07:16 - [MESSAGE][PASSED] - Text 'Priya' is set on object 'Object Repository/Amazon_signup/Page_Amazon Registration/input_customerName'

20-01-2024T20:07:16 - [TEST_STEP][PASSED] - setText(findTestObject("Object Repository/Amazon_signup/Page_Amazon Registration/input_email"), "9010558856"): Text '9010558856' is set on object 'Object Repository/Amazon_signup/Page_Amazon Registration/input_email'

20-01-2024T20:07:16 - [MESSAGE][PASSED] - Text '9010558856' is set on object 'Object Repository/Amazon_signup/Page_Amazon Registration/input_email'

20-01-2024T20:07:16 - [TEST_STEP][PASSED] - setText(findTestObject("Object Repository/Amazon_signup/Page_Amazon Registration/input_secondaryLoginClaim"), "ravi@gmail.com"): Text 'ravi@gmail.com' is set on object 'Object Repository/Amazon_signup/Page_Amazon Registration/input_secondaryLoginClaim'

20-01-2024T20:07:18 - [MESSAGE][PASSED] - Text 'ravi@gmail.com' is set on object 'Object Repository/Amazon_signup/Page_Amazon Registration/input_secondaryLoginClaim'

20-01-2024T20:07:18 - [TEST_STEP][PASSED] - setEncryptedText(findTestObject("Object Repository/Amazon_signup/Page_Amazon Registration/input_password"), "RigbBhfdqOBDK95asqKeHw=="): Text ****** has been set on object 'Object Repository/Amazon_signup/Page_Amazon Registration/input_password'

20-01-2024T20:07:18 - [MESSAGE][PASSED] - Text ****** has been set on object 'Object Repository/Amazon_signup/Page_Amazon Registration/input_password'

20-01-2024T20:07:18 - [TEST_STEP][PASSED] - click(findTestObject("Object Repository/Amazon_signup/Page_Amazon Registration/inputcontinue")): Object: 'Object Repository/Amazon_signup/Page_Amazon Registration/inputcontinue' is clicked on

20-01-2024T20:07:20 - [MESSAGE][PASSED] - Object: 'Object Repository/Amazon_signup/Page_Amazon Registration/inputcontinue' is clicked on

20-01-2024T20:07:20 - [TEST_STEP][PASSED] - closeBrowser(): Browser is closed

20-01-2024T20:07:20 - [MESSAGE][PASSED] - Browser is closed]]></system-out>
         <system-err><![CDATA[]]></system-err>
      </testcase>
      <system-out><![CDATA[20-01-2024T20:06:58 - [TEST_SUITE][PASSED] - Amazon_signup_password_001: Test Cases/Amazon_signup_password_001/Amazon_signup_password_001]]></system-out>
      <system-err><![CDATA[]]></system-err>
   </testsuite>
</testsuites>
